<?xml version="1.0"?>
<!DOCTYPE coverage SYSTEM "http://cobertura.sourceforge.net/xml/coverage-04.dtd">

<coverage line-rate="1.0" branch-rate="0.9655172413793104" lines-covered="158" lines-valid="158" branches-covered="56" branches-valid="58" complexity="2.526315789473684" version="1.9.4.1" timestamp="1387736950708">
	<sources>
		<source>--source</source>
		<source>C:/Users/Administrator/Documents/GitHub/geneticai/src/main/java</source>
	</sources>
	<packages>
		<package name="com.propaganda905.geneticai" line-rate="1.0" branch-rate="0.9583333333333334" complexity="3.4">
			<classes>
				<class name="com.propaganda905.geneticai.App" filename="com/propaganda905/geneticai/App.java" line-rate="1.0" branch-rate="0.9583333333333334" complexity="3.4">
					<methods>
						<method name="&lt;init&gt;" signature="()V" line-rate="1.0" branch-rate="1.0">
							<lines>
								<line number="12" hits="7" branch="false"/>
							</lines>
						</method>
						<method name="main" signature="([Ljava/lang/String;)V" line-rate="1.0" branch-rate="1.0">
							<lines>
								<line number="20" hits="2" branch="false"/>
								<line number="21" hits="2" branch="false"/>
								<line number="22" hits="2" branch="false"/>
							</lines>
						</method>
						<method name="runBasicKernel" signature="()V" line-rate="1.0" branch-rate="1.0">
							<lines>
								<line number="28" hits="2" branch="false"/>
								<line number="29" hits="2" branch="false"/>
								<line number="30" hits="2" branch="false"/>
								<line number="32" hits="2" branch="false"/>
								<line number="33" hits="2" branch="false"/>
								<line number="34" hits="2" branch="false"/>
							</lines>
						</method>
						<method name="runMathKernel" signature="()V" line-rate="1.0" branch-rate="1.0">
							<lines>
								<line number="40" hits="4" branch="false"/>
								<line number="41" hits="4" branch="false"/>
								<line number="42" hits="4" branch="false"/>
								<line number="43" hits="4" branch="false"/>
								<line number="44" hits="4" branch="false"/>
								<line number="46" hits="4" branch="false"/>
								<line number="47" hits="4" branch="false"/>
								<line number="48" hits="4" branch="false"/>
								<line number="49" hits="4" branch="false"/>
								<line number="50" hits="4" branch="false"/>
								<line number="51" hits="4" branch="false"/>
								<line number="53" hits="4" branch="false"/>
								<line number="54" hits="4004" branch="true" condition-coverage="100% (2/2)">
									<conditions>
										<condition number="0" type="jump" coverage="100%"/>
									</conditions>
								</line>
								<line number="55" hits="4000" branch="false"/>
								<line number="58" hits="4" branch="false"/>
								<line number="59" hits="4" branch="false"/>
								<line number="61" hits="4" branch="false"/>
								<line number="62" hits="84" branch="true" condition-coverage="100% (2/2)">
									<conditions>
										<condition number="0" type="jump" coverage="100%"/>
									</conditions>
								</line>
								<line number="63" hits="80" branch="false"/>
								<line number="64" hits="80" branch="false"/>
								<line number="65" hits="80" branch="false"/>
								<line number="68" hits="4" branch="false"/>
								<line number="70" hits="4" branch="false"/>
								<line number="72" hits="4" branch="false"/>
								<line number="73" hits="4" branch="false"/>
								<line number="74" hits="644" branch="true" condition-coverage="100% (2/2)">
									<conditions>
										<condition number="0" type="jump" coverage="100%"/>
									</conditions>
								</line>
								<line number="76" hits="640" branch="true" condition-coverage="100% (2/2)">
									<conditions>
										<condition number="0" type="jump" coverage="100%"/>
									</conditions>
								</line>
								<line number="77" hits="18" branch="false"/>
								<line number="78" hits="18" branch="true" condition-coverage="100% (2/2)">
									<conditions>
										<condition number="0" type="jump" coverage="100%"/>
									</conditions>
								</line>
								<line number="79" hits="4" branch="false"/>
								<line number="82" hits="14" branch="false"/>
								<line number="83" hits="14" branch="false"/>
								<line number="86" hits="640" branch="true" condition-coverage="100% (4/4)">
									<conditions>
										<condition number="0" type="jump" coverage="100%"/>
										<condition number="1" type="jump" coverage="100%"/>
									</conditions>
								</line>
								<line number="87" hits="4" branch="false"/>
								<line number="88" hits="4" branch="false"/>
								<line number="89" hits="4" branch="false"/>
								<line number="90" hits="4" branch="false"/>
								<line number="94" hits="324" branch="true" condition-coverage="100% (2/2)">
									<conditions>
										<condition number="0" type="jump" coverage="100%"/>
									</conditions>
								</line>
								<line number="95" hits="320" branch="false"/>
								<line number="98" hits="4" branch="false"/>
								<line number="99" hits="4" branch="false"/>
							</lines>
						</method>
						<method name="toString" signature="(I[FF)Ljava/lang/String;" line-rate="1.0" branch-rate="0.875">
							<lines>
								<line number="108" hits="15" branch="false"/>
								<line number="109" hits="15" branch="false"/>
								<line number="110" hits="15" branch="false"/>
								<line number="111" hits="15" branch="true" condition-coverage="100% (2/2)">
									<conditions>
										<condition number="0" type="jump" coverage="100%"/>
									</conditions>
								</line>
								<line number="112" hits="6" branch="false"/>
								<line number="113" hits="9" branch="true" condition-coverage="100% (2/2)">
									<conditions>
										<condition number="0" type="jump" coverage="100%"/>
									</conditions>
								</line>
								<line number="114" hits="1" branch="false"/>
								<line number="115" hits="8" branch="true" condition-coverage="100% (2/2)">
									<conditions>
										<condition number="0" type="jump" coverage="100%"/>
									</conditions>
								</line>
								<line number="116" hits="7" branch="false"/>
								<line number="117" hits="1" branch="true" condition-coverage="50% (1/2)">
									<conditions>
										<condition number="0" type="jump" coverage="50%"/>
									</conditions>
								</line>
								<line number="118" hits="1" branch="false"/>
								<line number="120" hits="15" branch="false"/>
							</lines>
						</method>
						<method name="wordToNum" signature="(FI[F)F" line-rate="1.0" branch-rate="1.0">
							<lines>
								<line number="102" hits="15" branch="false"/>
								<line number="103" hits="15" branch="false"/>
								<line number="104" hits="15" branch="false"/>
							</lines>
						</method>
					</methods>
					<lines>
						<line number="12" hits="7" branch="false"/>
						<line number="20" hits="2" branch="false"/>
						<line number="21" hits="2" branch="false"/>
						<line number="22" hits="2" branch="false"/>
						<line number="28" hits="2" branch="false"/>
						<line number="29" hits="2" branch="false"/>
						<line number="30" hits="2" branch="false"/>
						<line number="32" hits="2" branch="false"/>
						<line number="33" hits="2" branch="false"/>
						<line number="34" hits="2" branch="false"/>
						<line number="40" hits="4" branch="false"/>
						<line number="41" hits="4" branch="false"/>
						<line number="42" hits="4" branch="false"/>
						<line number="43" hits="4" branch="false"/>
						<line number="44" hits="4" branch="false"/>
						<line number="46" hits="4" branch="false"/>
						<line number="47" hits="4" branch="false"/>
						<line number="48" hits="4" branch="false"/>
						<line number="49" hits="4" branch="false"/>
						<line number="50" hits="4" branch="false"/>
						<line number="51" hits="4" branch="false"/>
						<line number="53" hits="4" branch="false"/>
						<line number="54" hits="4004" branch="true" condition-coverage="100% (2/2)">
							<conditions>
								<condition number="0" type="jump" coverage="100%"/>
							</conditions>
						</line>
						<line number="55" hits="4000" branch="false"/>
						<line number="58" hits="4" branch="false"/>
						<line number="59" hits="4" branch="false"/>
						<line number="61" hits="4" branch="false"/>
						<line number="62" hits="84" branch="true" condition-coverage="100% (2/2)">
							<conditions>
								<condition number="0" type="jump" coverage="100%"/>
							</conditions>
						</line>
						<line number="63" hits="80" branch="false"/>
						<line number="64" hits="80" branch="false"/>
						<line number="65" hits="80" branch="false"/>
						<line number="68" hits="4" branch="false"/>
						<line number="70" hits="4" branch="false"/>
						<line number="72" hits="4" branch="false"/>
						<line number="73" hits="4" branch="false"/>
						<line number="74" hits="644" branch="true" condition-coverage="100% (2/2)">
							<conditions>
								<condition number="0" type="jump" coverage="100%"/>
							</conditions>
						</line>
						<line number="76" hits="640" branch="true" condition-coverage="100% (2/2)">
							<conditions>
								<condition number="0" type="jump" coverage="100%"/>
							</conditions>
						</line>
						<line number="77" hits="18" branch="false"/>
						<line number="78" hits="18" branch="true" condition-coverage="100% (2/2)">
							<conditions>
								<condition number="0" type="jump" coverage="100%"/>
							</conditions>
						</line>
						<line number="79" hits="4" branch="false"/>
						<line number="82" hits="14" branch="false"/>
						<line number="83" hits="14" branch="false"/>
						<line number="86" hits="640" branch="true" condition-coverage="100% (4/4)">
							<conditions>
								<condition number="0" type="jump" coverage="100%"/>
								<condition number="1" type="jump" coverage="100%"/>
							</conditions>
						</line>
						<line number="87" hits="4" branch="false"/>
						<line number="88" hits="4" branch="false"/>
						<line number="89" hits="4" branch="false"/>
						<line number="90" hits="4" branch="false"/>
						<line number="94" hits="324" branch="true" condition-coverage="100% (2/2)">
							<conditions>
								<condition number="0" type="jump" coverage="100%"/>
							</conditions>
						</line>
						<line number="95" hits="320" branch="false"/>
						<line number="98" hits="4" branch="false"/>
						<line number="99" hits="4" branch="false"/>
						<line number="102" hits="15" branch="false"/>
						<line number="103" hits="15" branch="false"/>
						<line number="104" hits="15" branch="false"/>
						<line number="108" hits="15" branch="false"/>
						<line number="109" hits="15" branch="false"/>
						<line number="110" hits="15" branch="false"/>
						<line number="111" hits="15" branch="true" condition-coverage="100% (2/2)">
							<conditions>
								<condition number="0" type="jump" coverage="100%"/>
							</conditions>
						</line>
						<line number="112" hits="6" branch="false"/>
						<line number="113" hits="9" branch="true" condition-coverage="100% (2/2)">
							<conditions>
								<condition number="0" type="jump" coverage="100%"/>
							</conditions>
						</line>
						<line number="114" hits="1" branch="false"/>
						<line number="115" hits="8" branch="true" condition-coverage="100% (2/2)">
							<conditions>
								<condition number="0" type="jump" coverage="100%"/>
							</conditions>
						</line>
						<line number="116" hits="7" branch="false"/>
						<line number="117" hits="1" branch="true" condition-coverage="50% (1/2)">
							<conditions>
								<condition number="0" type="jump" coverage="50%"/>
							</conditions>
						</line>
						<line number="118" hits="1" branch="false"/>
						<line number="120" hits="15" branch="false"/>
					</lines>
				</class>
			</classes>
		</package>
		<package name="com.propaganda905.geneticai.kernels" line-rate="1.0" branch-rate="0.9705882352941176" complexity="2.2142857142857144">
			<classes>
				<class name="com.propaganda905.geneticai.kernels.Basic" filename="com/propaganda905/geneticai/kernels/Basic.java" line-rate="1.0" branch-rate="1.0" complexity="1.0">
					<methods>
						<method name="&lt;init&gt;" signature="()V" line-rate="1.0" branch-rate="1.0">
							<lines>
								<line number="10" hits="4" branch="false"/>
							</lines>
						</method>
						<method name="run" signature="()V" line-rate="1.0" branch-rate="1.0">
							<lines>
								<line number="28" hits="41" branch="false"/>
								<line number="29" hits="41" branch="false"/>
								<line number="30" hits="41" branch="false"/>
							</lines>
						</method>
						<method name="setup" signature="()V" line-rate="1.0" branch-rate="1.0">
							<lines>
								<line number="20" hits="4" branch="false"/>
								<line number="21" hits="4" branch="false"/>
							</lines>
						</method>
					</methods>
					<lines>
						<line number="10" hits="4" branch="false"/>
						<line number="20" hits="4" branch="false"/>
						<line number="21" hits="4" branch="false"/>
						<line number="28" hits="41" branch="false"/>
						<line number="29" hits="41" branch="false"/>
						<line number="30" hits="41" branch="false"/>
					</lines>
				</class>
				<class name="com.propaganda905.geneticai.kernels.Math" filename="com/propaganda905/geneticai/kernels/Math.java" line-rate="1.0" branch-rate="0.96875" complexity="4.2">
					<methods>
						<method name="&lt;init&gt;" signature="([F[I[F[I[I)V" line-rate="1.0" branch-rate="1.0">
							<lines>
								<line number="7" hits="4" branch="false"/>
								<line number="8" hits="4" branch="false"/>
								<line number="9" hits="4" branch="false"/>
								<line number="10" hits="4" branch="false"/>
								<line number="11" hits="4" branch="false"/>
								<line number="13" hits="4" branch="false"/>
								<line number="14" hits="4" branch="false"/>
								<line number="15" hits="4" branch="false"/>
								<line number="16" hits="4" branch="false"/>
								<line number="17" hits="4" branch="false"/>
							</lines>
						</method>
						<method name="findDiff" signature="(FF)F" line-rate="1.0" branch-rate="1.0">
							<lines>
								<line number="62" hits="2548" branch="false"/>
								<line number="63" hits="2548" branch="true" condition-coverage="100% (2/2)">
									<conditions>
										<condition number="0" type="jump" coverage="100%"/>
									</conditions>
								</line>
								<line number="64" hits="2404" branch="false"/>
								<line number="66" hits="144" branch="false"/>
								<line number="68" hits="2548" branch="false"/>
							</lines>
						</method>
						<method name="findSum" signature="(II[I[FI)F" line-rate="1.0" branch-rate="1.0">
							<lines>
								<line number="31" hits="2546" branch="false"/>
								<line number="32" hits="15276" branch="true" condition-coverage="100% (2/2)">
									<conditions>
										<condition number="0" type="jump" coverage="100%"/>
									</conditions>
								</line>
								<line number="33" hits="12730" branch="false"/>
								<line number="34" hits="12730" branch="true" condition-coverage="100% (2/2)">
									<conditions>
										<condition number="0" type="jump" coverage="100%"/>
									</conditions>
								</line>
								<line number="35" hits="9277" branch="false"/>
								<line number="36" hits="9277" branch="false"/>
								<line number="37" hits="9277" branch="false"/>
								<line number="38" hits="9277" branch="false"/>
								<line number="41" hits="2546" branch="false"/>
							</lines>
						</method>
						<method name="findSumOfAction" signature="(FIF)F" line-rate="1.0" branch-rate="0.9166666666666666">
							<lines>
								<line number="45" hits="9304" branch="true" condition-coverage="100% (2/2)">
									<conditions>
										<condition number="0" type="jump" coverage="100%"/>
									</conditions>
								</line>
								<line number="46" hits="1873" branch="false"/>
								<line number="47" hits="7431" branch="true" condition-coverage="100% (2/2)">
									<conditions>
										<condition number="0" type="jump" coverage="100%"/>
									</conditions>
								</line>
								<line number="48" hits="2391" branch="false"/>
								<line number="49" hits="5040" branch="true" condition-coverage="100% (2/2)">
									<conditions>
										<condition number="0" type="jump" coverage="100%"/>
									</conditions>
								</line>
								<line number="50" hits="2642" branch="false"/>
								<line number="51" hits="2398" branch="true" condition-coverage="50% (1/2)">
									<conditions>
										<condition number="0" type="jump" coverage="50%"/>
									</conditions>
								</line>
								<line number="52" hits="2398" branch="true" condition-coverage="100% (2/2)">
									<conditions>
										<condition number="0" type="jump" coverage="100%"/>
									</conditions>
								</line>
								<line number="53" hits="1152" branch="true" condition-coverage="100% (2/2)">
									<conditions>
										<condition number="0" type="jump" coverage="100%"/>
									</conditions>
								</line>
								<line number="54" hits="1151" branch="false"/>
								<line number="58" hits="9304" branch="false"/>
							</lines>
						</method>
						<method name="run" signature="()V" line-rate="1.0" branch-rate="1.0">
							<lines>
								<line number="74" hits="4" branch="false"/>
								<line number="75" hits="4" branch="false"/>
								<line number="76" hits="4" branch="false"/>
								<line number="78" hits="367" branch="true" condition-coverage="100% (2/2)">
									<conditions>
										<condition number="0" type="jump" coverage="100%"/>
									</conditions>
								</line>
								<line number="81" hits="363" branch="false"/>
								<line number="82" hits="363" branch="false"/>
								<line number="85" hits="363" branch="false"/>
								<line number="88" hits="363" branch="false"/>
								<line number="89" hits="363" branch="false"/>
								<line number="90" hits="363" branch="true" condition-coverage="100% (2/2)">
									<conditions>
										<condition number="0" type="jump" coverage="100%"/>
									</conditions>
								</line>
								<line number="92" hits="258" branch="false"/>
								<line number="93" hits="258" branch="false"/>
								<line number="94" hits="258" branch="false"/>
								<line number="95" hits="258" branch="false"/>
								<line number="96" hits="258" branch="false"/>
								<line number="97" hits="105" branch="false"/>
								<line number="98" hits="105" branch="false"/>
								<line number="102" hits="363" branch="false"/>
								<line number="103" hits="363" branch="false"/>
								<line number="104" hits="2904" branch="true" condition-coverage="100% (2/2)">
									<conditions>
										<condition number="0" type="jump" coverage="100%"/>
									</conditions>
								</line>
								<line number="106" hits="2541" branch="false"/>
								<line number="107" hits="2541" branch="false"/>
								<line number="108" hits="2541" branch="false"/>
								<line number="110" hits="363" branch="true" condition-coverage="100% (2/2)">
									<conditions>
										<condition number="0" type="jump" coverage="100%"/>
									</conditions>
								</line>
								<line number="111" hits="27" branch="false"/>
								<line number="113" hits="363" branch="true" condition-coverage="100% (2/2)">
									<conditions>
										<condition number="0" type="jump" coverage="100%"/>
									</conditions>
								</line>
								<line number="114" hits="4" branch="false"/>
								<line number="115" hits="24" branch="true" condition-coverage="100% (2/2)">
									<conditions>
										<condition number="0" type="jump" coverage="100%"/>
									</conditions>
								</line>
								<line number="116" hits="20" branch="false"/>
								<line number="117" hits="20" branch="true" condition-coverage="100% (2/2)">
									<conditions>
										<condition number="0" type="jump" coverage="100%"/>
									</conditions>
								</line>
								<line number="118" hits="14" branch="false"/>
								<line number="121" hits="4" branch="false"/>
								<line number="124" hits="4" branch="false"/>
							</lines>
						</method>
					</methods>
					<lines>
						<line number="7" hits="4" branch="false"/>
						<line number="8" hits="4" branch="false"/>
						<line number="9" hits="4" branch="false"/>
						<line number="10" hits="4" branch="false"/>
						<line number="11" hits="4" branch="false"/>
						<line number="13" hits="4" branch="false"/>
						<line number="14" hits="4" branch="false"/>
						<line number="15" hits="4" branch="false"/>
						<line number="16" hits="4" branch="false"/>
						<line number="17" hits="4" branch="false"/>
						<line number="31" hits="2546" branch="false"/>
						<line number="32" hits="15276" branch="true" condition-coverage="100% (2/2)">
							<conditions>
								<condition number="0" type="jump" coverage="100%"/>
							</conditions>
						</line>
						<line number="33" hits="12730" branch="false"/>
						<line number="34" hits="12730" branch="true" condition-coverage="100% (2/2)">
							<conditions>
								<condition number="0" type="jump" coverage="100%"/>
							</conditions>
						</line>
						<line number="35" hits="9277" branch="false"/>
						<line number="36" hits="9277" branch="false"/>
						<line number="37" hits="9277" branch="false"/>
						<line number="38" hits="9277" branch="false"/>
						<line number="41" hits="2546" branch="false"/>
						<line number="45" hits="9304" branch="true" condition-coverage="100% (2/2)">
							<conditions>
								<condition number="0" type="jump" coverage="100%"/>
							</conditions>
						</line>
						<line number="46" hits="1873" branch="false"/>
						<line number="47" hits="7431" branch="true" condition-coverage="100% (2/2)">
							<conditions>
								<condition number="0" type="jump" coverage="100%"/>
							</conditions>
						</line>
						<line number="48" hits="2391" branch="false"/>
						<line number="49" hits="5040" branch="true" condition-coverage="100% (2/2)">
							<conditions>
								<condition number="0" type="jump" coverage="100%"/>
							</conditions>
						</line>
						<line number="50" hits="2642" branch="false"/>
						<line number="51" hits="2398" branch="true" condition-coverage="50% (1/2)">
							<conditions>
								<condition number="0" type="jump" coverage="50%"/>
							</conditions>
						</line>
						<line number="52" hits="2398" branch="true" condition-coverage="100% (2/2)">
							<conditions>
								<condition number="0" type="jump" coverage="100%"/>
							</conditions>
						</line>
						<line number="53" hits="1152" branch="true" condition-coverage="100% (2/2)">
							<conditions>
								<condition number="0" type="jump" coverage="100%"/>
							</conditions>
						</line>
						<line number="54" hits="1151" branch="false"/>
						<line number="58" hits="9304" branch="false"/>
						<line number="62" hits="2548" branch="false"/>
						<line number="63" hits="2548" branch="true" condition-coverage="100% (2/2)">
							<conditions>
								<condition number="0" type="jump" coverage="100%"/>
							</conditions>
						</line>
						<line number="64" hits="2404" branch="false"/>
						<line number="66" hits="144" branch="false"/>
						<line number="68" hits="2548" branch="false"/>
						<line number="74" hits="4" branch="false"/>
						<line number="75" hits="4" branch="false"/>
						<line number="76" hits="4" branch="false"/>
						<line number="78" hits="367" branch="true" condition-coverage="100% (2/2)">
							<conditions>
								<condition number="0" type="jump" coverage="100%"/>
							</conditions>
						</line>
						<line number="81" hits="363" branch="false"/>
						<line number="82" hits="363" branch="false"/>
						<line number="85" hits="363" branch="false"/>
						<line number="88" hits="363" branch="false"/>
						<line number="89" hits="363" branch="false"/>
						<line number="90" hits="363" branch="true" condition-coverage="100% (2/2)">
							<conditions>
								<condition number="0" type="jump" coverage="100%"/>
							</conditions>
						</line>
						<line number="92" hits="258" branch="false"/>
						<line number="93" hits="258" branch="false"/>
						<line number="94" hits="258" branch="false"/>
						<line number="95" hits="258" branch="false"/>
						<line number="96" hits="258" branch="false"/>
						<line number="97" hits="105" branch="false"/>
						<line number="98" hits="105" branch="false"/>
						<line number="102" hits="363" branch="false"/>
						<line number="103" hits="363" branch="false"/>
						<line number="104" hits="2904" branch="true" condition-coverage="100% (2/2)">
							<conditions>
								<condition number="0" type="jump" coverage="100%"/>
							</conditions>
						</line>
						<line number="106" hits="2541" branch="false"/>
						<line number="107" hits="2541" branch="false"/>
						<line number="108" hits="2541" branch="false"/>
						<line number="110" hits="363" branch="true" condition-coverage="100% (2/2)">
							<conditions>
								<condition number="0" type="jump" coverage="100%"/>
							</conditions>
						</line>
						<line number="111" hits="27" branch="false"/>
						<line number="113" hits="363" branch="true" condition-coverage="100% (2/2)">
							<conditions>
								<condition number="0" type="jump" coverage="100%"/>
							</conditions>
						</line>
						<line number="114" hits="4" branch="false"/>
						<line number="115" hits="24" branch="true" condition-coverage="100% (2/2)">
							<conditions>
								<condition number="0" type="jump" coverage="100%"/>
							</conditions>
						</line>
						<line number="116" hits="20" branch="false"/>
						<line number="117" hits="20" branch="true" condition-coverage="100% (2/2)">
							<conditions>
								<condition number="0" type="jump" coverage="100%"/>
							</conditions>
						</line>
						<line number="118" hits="14" branch="false"/>
						<line number="121" hits="4" branch="false"/>
						<line number="124" hits="4" branch="false"/>
					</lines>
				</class>
				<class name="com.propaganda905.geneticai.kernels.Random" filename="com/propaganda905/geneticai/kernels/Random.java" line-rate="1.0" branch-rate="1.0" complexity="1.3333333333333333">
					<methods>
						<method name="&lt;init&gt;" signature="()V" line-rate="1.0" branch-rate="1.0">
							<lines>
								<line number="7" hits="1" branch="false"/>
							</lines>
						</method>
						<method name="next" signature="(II[II)I" line-rate="1.0" branch-rate="1.0">
							<lines>
								<line number="30" hits="1253" branch="false"/>
							</lines>
						</method>
						<method name="nothing" signature="()I" line-rate="1.0" branch-rate="1.0">
							<lines>
								<line number="38" hits="1" branch="false"/>
							</lines>
						</method>
						<method name="setIndex" signature="(II)I" line-rate="1.0" branch-rate="1.0">
							<lines>
								<line number="15" hits="1514" branch="true" condition-coverage="100% (2/2)">
									<conditions>
										<condition number="0" type="jump" coverage="100%"/>
									</conditions>
								</line>
								<line number="16" hits="1" branch="false"/>
								<line number="18" hits="1514" branch="false"/>
							</lines>
						</method>
					</methods>
					<lines>
						<line number="7" hits="1" branch="false"/>
						<line number="15" hits="1514" branch="true" condition-coverage="100% (2/2)">
							<conditions>
								<condition number="0" type="jump" coverage="100%"/>
							</conditions>
						</line>
						<line number="16" hits="1" branch="false"/>
						<line number="18" hits="1514" branch="false"/>
						<line number="30" hits="1253" branch="false"/>
						<line number="38" hits="1" branch="false"/>
					</lines>
				</class>
				<class name="com.propaganda905.geneticai.kernels.Word" filename="com/propaganda905/geneticai/kernels/Word.java" line-rate="1.0" branch-rate="1.0" complexity="1.0">
					<methods>
						<method name="&lt;init&gt;" signature="()V" line-rate="1.0" branch-rate="1.0">
							<lines>
								<line number="11" hits="1" branch="false"/>
							</lines>
						</method>
						<method name="createWord" signature="([II)I" line-rate="1.0" branch-rate="1.0">
							<lines>
								<line number="13" hits="261" branch="false"/>
								<line number="14" hits="261" branch="false"/>
								<line number="15" hits="261" branch="false"/>
								<line number="16" hits="261" branch="false"/>
								<line number="17" hits="261" branch="false"/>
								<line number="18" hits="261" branch="false"/>
								<line number="19" hits="261" branch="false"/>
								<line number="20" hits="261" branch="false"/>
							</lines>
						</method>
						<method name="findAction" signature="(I)I" line-rate="1.0" branch-rate="1.0">
							<lines>
								<line number="28" hits="9312" branch="false"/>
							</lines>
						</method>
						<method name="findDataIndex" signature="(I)I" line-rate="1.0" branch-rate="1.0">
							<lines>
								<line number="32" hits="9312" branch="false"/>
							</lines>
						</method>
						<method name="findHold" signature="(I)I" line-rate="1.0" branch-rate="1.0">
							<lines>
								<line number="24" hits="9317" branch="false"/>
							</lines>
						</method>
					</methods>
					<lines>
						<line number="11" hits="1" branch="false"/>
						<line number="13" hits="261" branch="false"/>
						<line number="14" hits="261" branch="false"/>
						<line number="15" hits="261" branch="false"/>
						<line number="16" hits="261" branch="false"/>
						<line number="17" hits="261" branch="false"/>
						<line number="18" hits="261" branch="false"/>
						<line number="19" hits="261" branch="false"/>
						<line number="20" hits="261" branch="false"/>
						<line number="24" hits="9317" branch="false"/>
						<line number="28" hits="9312" branch="false"/>
						<line number="32" hits="9312" branch="false"/>
					</lines>
				</class>
			</classes>
		</package>
	</packages>
</coverage>
